#
# A fatal error has been detected by the Java Runtime Environment:
#
#  Internal Error (safepoint.cpp:310), pid=39745, tid=276062467840
#  guarantee(PageArmed == 0) failed: invariant
#
# JRE version: OpenJDK Runtime Environment (8.0_45-b14) (build 1.8.0_45-internal-b14)
# Java VM: OpenJDK 64-Bit Server VM (25.45-b02 mixed mode linux-amd64 compressed oops)
# Failed to write core dump. Core dumps have been disabled. To enable core dumping, try "ulimit -c unlimited" before starting Java again
#
# If you would like to submit a bug report, please visit:
#   http://bugreport.java.com/bugreport/crash.jsp
#

---------------  T H R E A D  ---------------

Current thread (0x0000004004079800):  VMThread [stack: 0x00000040468af000,0x00000040469b0000] [id=39754]

Stack: [0x00000040468af000,0x00000040469b0000],  sp=0x00000040469aeaf0,  free space=1022k
Native frames: (J=compiled Java code, j=interpreted, Vv=VM code, C=native code)
V  [libjvm.so+0xa902bd]  VMError::report_and_die()+0x15d
V  [libjvm.so+0x4e76f5]  report_vm_error(char const*, int, char const*, char const*)+0xa5
V  [libjvm.so+0x981231]  SafepointSynchronize::begin()+0x721
V  [libjvm.so+0xa95438]  VMThread::loop()+0x218
V  [libjvm.so+0xa95991]  VMThread::run()+0x81
V  [libjvm.so+0x8dd8a2]  java_start(Thread*)+0xf2

VM_Operation (0x0000004088000a30): EnableBiasedLocking, mode: async safepoint, requested by thread 0x00000040040b9800


---------------  P R O C E S S  ---------------

Java Threads: ( => current thread )
  0x00000040040b6800 JavaThread "Service Thread" daemon [_thread_blocked, id=39761, stack(0x000000407efb9000,0x000000407f0ba000)]
  0x00000040040b1000 JavaThread "C1 CompilerThread2" daemon [_thread_blocked, id=39760, stack(0x0000004076eb8000,0x0000004076fb9000)]
  0x00000040040af000 JavaThread "C2 CompilerThread1" daemon [_thread_blocked, id=39759, stack(0x000000406edb7000,0x000000406eeb8000)]
  0x00000040040ac000 JavaThread "C2 CompilerThread0" daemon [_thread_blocked, id=39758, stack(0x0000004066cb6000,0x0000004066db7000)]
  0x00000040040aa000 JavaThread "Signal Dispatcher" daemon [_thread_blocked, id=39757, stack(0x000000405ebb5000,0x000000405ecb6000)]
  0x0000004004080800 JavaThread "Finalizer" daemon [_thread_blocked, id=39756, stack(0x0000004056ab1000,0x0000004056bb2000)]
  0x000000400407e800 JavaThread "Reference Handler" daemon [_thread_blocked, id=39755, stack(0x000000404e9b0000,0x000000404eab1000)]
  0x0000004004009800 JavaThread "main" [_thread_in_Java, id=39748, stack(0x0000004002e0d000,0x0000004002f0e000)]

Other Threads:
=>0x0000004004079800 VMThread [stack: 0x00000040468af000,0x00000040469b0000] [id=39754]
  0x00000040040b9800 WatcherThread [stack: 0x00000040870ba000,0x00000040871bb000] [id=39762]

VM state:synchronizing (normal execution)

VM Mutex/Monitor currently owned by a thread:  ([mutex/lock_event])
[0x0000004004005ff0] Safepoint_lock - owner thread: 0x0000004004079800
[0x0000004004006070] Threads_lock - owner thread: 0x0000004004079800

Heap:
 PSYoungGen      total 9728K, used 1045K [0x00000000f5a00000, 0x00000000f6480000, 0x0000000100000000)
  eden space 8704K, 12% used [0x00000000f5a00000,0x00000000f5b05410,0x00000000f6280000)
  from space 1024K, 0% used [0x00000000f6380000,0x00000000f6380000,0x00000000f6480000)
  to   space 1024K, 0% used [0x00000000f6280000,0x00000000f6280000,0x00000000f6380000)
 ParOldGen       total 22016K, used 0K [0x00000000e0e00000, 0x00000000e2380000, 0x00000000f5a00000)
  object space 22016K, 0% used [0x00000000e0e00000,0x00000000e0e00000,0x00000000e2380000)
 Metaspace       used 2723K, capacity 4486K, committed 4864K, reserved 1056768K
  class space    used 290K, capacity 386K, committed 512K, reserved 1048576K

Card table byte_map: [0x000000401b38b000,0x000000401b485000] byte_map_base: 0x000000401ac84000

Marking Bits: (ParMarkBitMap*) 0x00000040025bbe80
 Begin Bits: [0x0000004043a30000, 0x00000040441f8000)
 End Bits:   [0x00000040441f8000, 0x00000040449c0000)

Polling page: 0x000000400b565000

CodeCache: size=245760Kb used=1108Kb max_used=1108Kb free=244651Kb
 bounds [0x000000400bfcb000, 0x000000400c23b000, 0x000000401afcb000]
 total_blobs=259 nmethods=23 adapters=153
 compilation: enabled

Compilation events (10 events):
Event: 0.548 Thread 0x00000040040b1000   26       3       java.nio.Buffer::position (43 bytes)
Event: 0.550 Thread 0x00000040040b1000 nmethod 26 0x000000400c0dec10 code [0x000000400c0ded80, 0x000000400c0df048]
Event: 0.551 Thread 0x00000040040b1000   29       1       java.lang.Object::<init> (1 bytes)
Event: 0.551 Thread 0x00000040040b1000 nmethod 29 0x000000400c0df110 code [0x000000400c0df260, 0x000000400c0df370]
Event: 0.551 Thread 0x00000040040b1000   25       3       java.util.ArrayList$SubList$1::hasNext (20 bytes)
Event: 0.552 Thread 0x00000040040b1000 nmethod 25 0x000000400c0df3d0 code [0x000000400c0df540, 0x000000400c0df710]
Event: 0.552 Thread 0x00000040040b1000   27       3       java.nio.ByteBuffer::arrayOffset (35 bytes)
Event: 0.553 Thread 0x00000040040b1000 nmethod 27 0x000000400c0df7d0 code [0x000000400c0df960, 0x000000400c0dfc18]
Event: 0.553 Thread 0x00000040040b1000   28       3       java.nio.CharBuffer::arrayOffset (35 bytes)
Event: 0.553 Thread 0x00000040040b1000 nmethod 28 0x000000400c0dfd50 code [0x000000400c0dfee0, 0x000000400c0e0198]

GC Heap History (0 events):
No events

Deoptimization events (0 events):
No events

Internal exceptions (5 events):
Event: 0.215 Thread 0x0000004004009800 Exception <a 'java/lang/NoSuchMethodError': Method sun.misc.Unsafe.defineClass(Ljava/lang/String;[BII)Ljava/lang/Class; name or signature does not match> (0x00000000f5a12a68) thrown at [/build/buildd/openjdk-8-8u45-b14/src/hotspot/src/share/vm/prims/jni.c
Event: 0.215 Thread 0x0000004004009800 Exception <a 'java/lang/NoSuchMethodError': Method sun.misc.Unsafe.prefetchRead(Ljava/lang/Object;J)V name or signature does not match> (0x00000000f5a12cf8) thrown at [/build/buildd/openjdk-8-8u45-b14/src/hotspot/src/share/vm/prims/jni.cpp, line 3994]
Event: 0.470 Thread 0x0000004004009800 Exception <a 'java/util/zip/ZipException'> (0x00000000f5aac408) thrown at [/build/buildd/openjdk-8-8u45-b14/src/hotspot/src/share/vm/prims/jni.cpp, line 709]
Event: 0.473 Thread 0x0000004004009800 Exception <a 'java/security/PrivilegedActionException'> (0x00000000f5aac650) thrown at [/build/buildd/openjdk-8-8u45-b14/src/hotspot/src/share/vm/prims/jvm.cpp, line 1382]
Event: 0.474 Thread 0x0000004004009800 Exception <a 'java/security/PrivilegedActionException'> (0x00000000f5aac808) thrown at [/build/buildd/openjdk-8-8u45-b14/src/hotspot/src/share/vm/prims/jvm.cpp, line 1382]

Events (10 events):
Event: 0.528 loading class java/nio/CharBuffer done
Event: 0.528 loading class java/nio/HeapCharBuffer
Event: 0.528 loading class java/nio/HeapCharBuffer done
Event: 0.529 loading class java/util/ArrayList$SubList
Event: 0.530 loading class java/util/ArrayList$SubList done
Event: 0.530 loading class java/util/ArrayList$SubList$1
Event: 0.530 loading class java/util/ListIterator
Event: 0.530 loading class java/util/ListIterator done
Event: 0.530 loading class java/util/ArrayList$SubList$1 done
Event: 4.352 Executing VM operation: EnableBiasedLocking


Dynamic libraries:
00200000-002b4000 r--p 00000000 fe:01 1048594                            /usr/bin/qemu-x86_64
002c3000-0045a000 r-xp 000b3000 fe:01 1048594                            /usr/bin/qemu-x86_64
00469000-004a3000 rw-p 00249000 fe:01 1048594                            /usr/bin/qemu-x86_64
004b2000-004c6000 rw-p 00282000 fe:01 1048594                            /usr/bin/qemu-x86_64
004c6000-004e6000 rw-p 00000000 00:00 0 
004e6000-004e7000 r--p 00000000 fe:01 2145593                            /usr/lib/jvm/java-8-openjdk-amd64/jre/bin/java
004e7000-006e6000 ---p 00000000 00:00 0 
006e6000-006e7000 r--p 00000000 fe:01 2145593                            /usr/lib/jvm/java-8-openjdk-amd64/jre/bin/java
006e7000-006e8000 rw-p 00001000 fe:01 2145593                            /usr/lib/jvm/java-8-openjdk-amd64/jre/bin/java
006e8000-00709000 rw-p 00000000 00:00 0 
1b35e000-1b35f000 ---p 00000000 00:00 0                                  [heap]
1b35f000-1b368000 rw-p 00000000 00:00 0                                  [heap]
e0ee6000-e2466000 rw-p 00000000 00:00 0 
e2466000-f5ae6000 ---p 00000000 00:00 0 
f5ae6000-f6566000 rw-p 00000000 00:00 0 
f6566000-1000e6000 ---p 00000000 00:00 0 
1000e6000-100166000 rw-p 00000000 00:00 0 
100166000-1400e6000 ---p 00000000 00:00 0 
40000e6000-40000e7000 ---p 00000000 00:00 0 
40000e7000-40008e7000 rw-p 00000000 00:00 0 
40008e7000-400090b000 r--p 00000000 fe:01 814856                         /lib/x86_64-linux-gnu/ld-2.21.so
400090b000-4000b0a000 ---p 00000000 00:00 0 
4000b0a000-4000b0b000 r--p 00023000 fe:01 814856                         /lib/x86_64-linux-gnu/ld-2.21.so
4000b0b000-4000b0c000 rw-p 00024000 fe:01 814856                         /lib/x86_64-linux-gnu/ld-2.21.so
4000b0c000-4000b11000 rw-p 00000000 00:00 0 
4000b11000-4000b1f000 r--p 00000000 fe:01 2145540                        /usr/lib/jvm/java-8-openjdk-amd64/jre/lib/amd64/jli/libjli.so
4000b1f000-4000d1e000 ---p 0000e000 fe:01 2145540                        /usr/lib/jvm/java-8-openjdk-amd64/jre/lib/amd64/jli/libjli.so
4000d1e000-4000d1f000 r--p 0000d000 fe:01 2145540                        /usr/lib/jvm/java-8-openjdk-amd64/jre/lib/amd64/jli/libjli.so
4000d1f000-4000d20000 rw-p 0000e000 fe:01 2145540                        /usr/lib/jvm/java-8-openjdk-amd64/jre/lib/amd64/jli/libjli.so
4000d29000-4000d2a000 rw-p 00000000 00:00 0 
4000d2a000-4000eea000 r--p 00000000 fe:01 814876                         /lib/x86_64-linux-gnu/libc-2.21.so
4000eea000-40010ea000 ---p 001c0000 fe:01 814876                         /lib/x86_64-linux-gnu/libc-2.21.so
40010ea000-40010ee000 r--p 001c0000 fe:01 814876                         /lib/x86_64-linux-gnu/libc-2.21.so
40010ee000-40010f0000 rw-p 001c4000 fe:01 814876                         /lib/x86_64-linux-gnu/libc-2.21.so
40010f0000-40010f4000 rw-p 00000000 00:00 0 
40010f4000-400110d000 r--p 00000000 fe:01 814969                         /lib/x86_64-linux-gnu/libz.so.1.2.8
400110d000-400130d000 ---p 00019000 fe:01 814969                         /lib/x86_64-linux-gnu/libz.so.1.2.8
400130d000-400130e000 r--p 00019000 fe:01 814969                         /lib/x86_64-linux-gnu/libz.so.1.2.8
400130e000-400130f000 rw-p 0001a000 fe:01 814969                         /lib/x86_64-linux-gnu/libz.so.1.2.8
400130f000-4001312000 r--p 00000000 fe:01 814887                         /lib/x86_64-linux-gnu/libdl-2.21.so
4001312000-4001511000 ---p 00003000 fe:01 814887                         /lib/x86_64-linux-gnu/libdl-2.21.so
4001511000-4001512000 r--p 00002000 fe:01 814887                         /lib/x86_64-linux-gnu/libdl-2.21.so
4001512000-4001513000 rw-p 00003000 fe:01 814887                         /lib/x86_64-linux-gnu/libdl-2.21.so
4001513000-4001514000 rw-p 00000000 00:00 0 
4001514000-400152c000 r--p 00000000 fe:01 814938                         /lib/x86_64-linux-gnu/libpthread-2.21.so
400152c000-400172c000 ---p 00018000 fe:01 814938                         /lib/x86_64-linux-gnu/libpthread-2.21.so
400172c000-400172d000 r--p 00018000 fe:01 814938                         /lib/x86_64-linux-gnu/libpthread-2.21.so
400172d000-400172e000 rw-p 00019000 fe:01 814938                         /lib/x86_64-linux-gnu/libpthread-2.21.so
400172e000-4001734000 rw-p 00000000 00:00 0 
4001735000-40023c2000 r--p 00000000 fe:01 2145533                        /usr/lib/jvm/java-8-openjdk-amd64/jre/lib/amd64/server/libjvm.so
40023c2000-40025c2000 ---p 00c8d000 fe:01 2145533                        /usr/lib/jvm/java-8-openjdk-amd64/jre/lib/amd64/server/libjvm.so
40025c2000-4002665000 r--p 00c8d000 fe:01 2145533                        /usr/lib/jvm/java-8-openjdk-amd64/jre/lib/amd64/server/libjvm.so
4002665000-400268e000 rw-p 00d30000 fe:01 2145533                        /usr/lib/jvm/java-8-openjdk-amd64/jre/lib/amd64/server/libjvm.so
400268e000-40026bd000 rw-p 00000000 00:00 0 
40026c6000-40027b6000 r--p 00000000 fe:01 815738                         /usr/lib/x86_64-linux-gnu/libstdc++.so.6.0.20
40027b6000-40029b6000 ---p 000f0000 fe:01 815738                         /usr/lib/x86_64-linux-gnu/libstdc++.so.6.0.20
40029b6000-40029be000 r--p 000f0000 fe:01 815738                         /usr/lib/x86_64-linux-gnu/libstdc++.so.6.0.20
40029be000-40029c0000 rw-p 000f8000 fe:01 815738                         /usr/lib/x86_64-linux-gnu/libstdc++.so.6.0.20
40029c0000-40029d5000 rw-p 00000000 00:00 0 
40029d5000-4002adc000 r--p 00000000 fe:01 814904                         /lib/x86_64-linux-gnu/libm-2.21.so
4002adc000-4002cdb000 ---p 00107000 fe:01 814904                         /lib/x86_64-linux-gnu/libm-2.21.so
4002cdb000-4002cdc000 r--p 00106000 fe:01 814904                         /lib/x86_64-linux-gnu/libm-2.21.so
4002cdc000-4002cdd000 rw-p 00107000 fe:01 814904                         /lib/x86_64-linux-gnu/libm-2.21.so
4002cdd000-4002cf3000 r--p 00000000 fe:01 814893                         /lib/x86_64-linux-gnu/libgcc_s.so.1
4002cf3000-4002ef2000 ---p 00016000 fe:01 814893                         /lib/x86_64-linux-gnu/libgcc_s.so.1
4002ef2000-4002ef3000 rw-p 00015000 fe:01 814893                         /lib/x86_64-linux-gnu/libgcc_s.so.1
4002ef3000-4002ef6000 ---p 00000000 00:00 0 
4002ef6000-4002ff4000 rw-p 00000000 00:00 0 
40040e6000-4004282000 rw-p 00000000 00:00 0 
4004282000-40080e6000 ---p 00000000 00:00 0 
400affe000-400b005000 r--p 00000000 fe:01 814944                         /lib/x86_64-linux-gnu/librt-2.21.so
400b005000-400b204000 ---p 00007000 fe:01 814944                         /lib/x86_64-linux-gnu/librt-2.21.so
400b204000-400b205000 r--p 00006000 fe:01 814944                         /lib/x86_64-linux-gnu/librt-2.21.so
400b205000-400b206000 rw-p 00007000 fe:01 814944                         /lib/x86_64-linux-gnu/librt-2.21.so
400b207000-400b216000 r--p 00000000 fe:01 2145521                        /usr/lib/jvm/java-8-openjdk-amd64/jre/lib/amd64/libverify.so
400b216000-400b416000 ---p 0000f000 fe:01 2145521                        /usr/lib/jvm/java-8-openjdk-amd64/jre/lib/amd64/libverify.so
400b416000-400b419000 r--p 0000f000 fe:01 2145521                        /usr/lib/jvm/java-8-openjdk-amd64/jre/lib/amd64/libverify.so
400b419000-400b41a000 rw-p 00012000 fe:01 2145521                        /usr/lib/jvm/java-8-openjdk-amd64/jre/lib/amd64/libverify.so
400b41b000-400b449000 r--p 00000000 fe:01 2145506                        /usr/lib/jvm/java-8-openjdk-amd64/jre/lib/amd64/libjava.so
400b449000-400b648000 ---p 0002e000 fe:01 2145506                        /usr/lib/jvm/java-8-openjdk-amd64/jre/lib/amd64/libjava.so
400b648000-400b649000 r--p 0002d000 fe:01 2145506                        /usr/lib/jvm/java-8-openjdk-amd64/jre/lib/amd64/libjava.so
400b649000-400b64b000 rw-p 0002e000 fe:01 2145506                        /usr/lib/jvm/java-8-openjdk-amd64/jre/lib/amd64/libjava.so
400b64b000-400b64c000 ---p 00000000 00:00 0 
400b64c000-400b64d000 rw-p 00000000 00:00 0 
400b658000-400b660000 r--p 00000000 fe:01 814915                         /lib/x86_64-linux-gnu/libnss_compat-2.21.so
400b660000-400b85f000 ---p 00008000 fe:01 814915                         /lib/x86_64-linux-gnu/libnss_compat-2.21.so
400b85f000-400b860000 r--p 00007000 fe:01 814915                         /lib/x86_64-linux-gnu/libnss_compat-2.21.so
400b860000-400b861000 rw-p 00008000 fe:01 814915                         /lib/x86_64-linux-gnu/libnss_compat-2.21.so
400b861000-400b878000 r--p 00000000 fe:01 814913                         /lib/x86_64-linux-gnu/libnsl-2.21.so
400b878000-400ba77000 ---p 00017000 fe:01 814913                         /lib/x86_64-linux-gnu/libnsl-2.21.so
400ba77000-400ba78000 r--p 00016000 fe:01 814913                         /lib/x86_64-linux-gnu/libnsl-2.21.so
400ba78000-400ba79000 rw-p 00017000 fe:01 814913                         /lib/x86_64-linux-gnu/libnsl-2.21.so
400ba79000-400ba7b000 rw-p 00000000 00:00 0 
400ba84000-400ba8f000 r--p 00000000 fe:01 814923                         /lib/x86_64-linux-gnu/libnss_nis-2.21.so
400ba8f000-400bc8e000 ---p 0000b000 fe:01 814923                         /lib/x86_64-linux-gnu/libnss_nis-2.21.so
400bc8e000-400bc8f000 r--p 0000a000 fe:01 814923                         /lib/x86_64-linux-gnu/libnss_nis-2.21.so
400bc8f000-400bc90000 rw-p 0000b000 fe:01 814923                         /lib/x86_64-linux-gnu/libnss_nis-2.21.so
400bc90000-400bc9c000 r--p 00000000 fe:01 814919                         /lib/x86_64-linux-gnu/libnss_files-2.21.so
400bc9c000-400be9b000 ---p 0000c000 fe:01 814919                         /lib/x86_64-linux-gnu/libnss_files-2.21.so
400be9b000-400be9c000 r--p 0000b000 fe:01 814919                         /lib/x86_64-linux-gnu/libnss_files-2.21.so
400be9c000-400be9d000 rw-p 0000c000 fe:01 814919                         /lib/x86_64-linux-gnu/libnss_files-2.21.so
400be9e000-400bea6000 rw-s 00000000 fe:01 1480856                        /tmp/hsperfdata_root/39745
400bea7000-400beaf000 r--p 00000000 fe:01 2145509                        /usr/lib/jvm/java-8-openjdk-amd64/jre/lib/amd64/libzip.so
400beaf000-400c0ae000 ---p 00008000 fe:01 2145509                        /usr/lib/jvm/java-8-openjdk-amd64/jre/lib/amd64/libzip.so
400c0ae000-400c0af000 r--p 00007000 fe:01 2145509                        /usr/lib/jvm/java-8-openjdk-amd64/jre/lib/amd64/libzip.so
400c0af000-400c0b0000 rw-p 00008000 fe:01 2145509                        /usr/lib/jvm/java-8-openjdk-amd64/jre/lib/amd64/libzip.so
400c0b1000-400c0b2000 r-xp 00000000 00:00 0 
400c0b2000-400c0b8000 rw-p 00000000 00:00 0 
400c0b8000-400c0b9000 r-xp 00000000 00:00 0 
400c0b9000-400c0c0000 rw-p 00000000 00:00 0 
400c0c0000-400c0d6000 r-xp 00000000 00:00 0 
400c0d6000-400c0f6000 rw-p 00000000 00:00 0 
400c0f6000-400c0f8000 r-xp 00000000 00:00 0 
400c0f8000-400c0fe000 rw-p 00000000 00:00 0 
400c0fe000-400c0ff000 r-xp 00000000 00:00 0 
400c0ff000-400c101000 rw-p 00000000 00:00 0 
400c101000-400c103000 r-xp 00000000 00:00 0 
400c103000-400c105000 rw-p 00000000 00:00 0 
400c105000-400c106000 r-xp 00000000 00:00 0 
400c106000-400c108000 rw-p 00000000 00:00 0 
400c108000-400c10a000 r-xp 00000000 00:00 0 
400c10a000-400c114000 rw-p 00000000 00:00 0 
400c114000-400c115000 r-xp 00000000 00:00 0 
400c115000-400c119000 rw-p 00000000 00:00 0 
400c119000-400c11b000 r-xp 00000000 00:00 0 
400c11b000-400c1b3000 rw-p 00000000 00:00 0 
400c1b3000-400c1b4000 r-xp 00000000 00:00 0 
400c1b4000-400c1b7000 rw-p 00000000 00:00 0 
400c1b7000-400c1b9000 r-xp 00000000 00:00 0 
400c1b9000-400c1ba000 rw-p 00000000 00:00 0 
400c1ba000-400c1bc000 r-xp 00000000 00:00 0 
400c1bc000-400c1bd000 rwxp 00000000 00:00 0 
400c1bd000-400c1be000 r-xp 00000000 00:00 0 
400c1be000-400c1c2000 rw-p 00000000 00:00 0 
400c1c2000-400c1c5000 r-xp 00000000 00:00 0 
400c1c5000-400c321000 rw-p 00000000 00:00 0 
400c321000-401b0b1000 ---p 00000000 00:00 0 
401b0b1000-401b0bb000 rw-p 00000000 00:00 0 
401b0bb000-401b471000 ---p 00000000 00:00 0 
401b471000-401b47c000 rw-p 00000000 00:00 0 
401b47c000-401b517000 ---p 00000000 00:00 0 
401b517000-401b51d000 rw-p 00000000 00:00 0 
401b51d000-401b56a000 ---p 00000000 00:00 0 
401b56a000-401b576000 rw-p 00000000 00:00 0 
401b576000-401b611000 ---p 00000000 00:00 0 
401b611000-401b612000 ---p 00000000 00:00 0 
401b612000-401b712000 rw-p 00000000 00:00 0 
401b712000-401b713000 ---p 00000000 00:00 0 
401b713000-401b813000 rw-p 00000000 00:00 0 
401b813000-401b814000 ---p 00000000 00:00 0 
401b814000-401b914000 rw-p 00000000 00:00 0 
401b914000-401b915000 ---p 00000000 00:00 0 
401b915000-401ba15000 rw-p 00000000 00:00 0 
401ba15000-401ba16000 ---p 00000000 00:00 0 
401ba16000-401bb16000 rw-p 00000000 00:00 0 
401c0e6000-401c107000 rw-p 00000000 00:00 0 
401c107000-40200e6000 ---p 00000000 00:00 0 
40240e6000-4024107000 rw-p 00000000 00:00 0 
4024107000-40280e6000 ---p 00000000 00:00 0 
402c0e6000-402c107000 rw-p 00000000 00:00 0 
402c107000-40300e6000 ---p 00000000 00:00 0 
40340e6000-4034107000 rw-p 00000000 00:00 0 
4034107000-40380e6000 ---p 00000000 00:00 0 
403c0e6000-403c107000 rw-p 00000000 00:00 0 
403c107000-40400e6000 ---p 00000000 00:00 0 
4043b16000-4044fe9000 rw-p 00000000 00:00 0 
4044fe9000-40453a9000 ---p 00000000 00:00 0 
40453a9000-40454a2000 rw-p 00000000 00:00 0 
40454a3000-4045670000 r--s 03bd3000 fe:01 2145578                        /usr/lib/jvm/java-8-openjdk-amd64/jre/lib/rt.jar
4045670000-4046995000 rw-p 00000000 00:00 0 
4046995000-4046996000 ---p 00000000 00:00 0 
4046996000-4046a96000 rw-p 00000000 00:00 0 
40480e6000-4048107000 rw-p 00000000 00:00 0 
4048107000-404c0e6000 ---p 00000000 00:00 0 
404ea96000-404ea99000 ---p 00000000 00:00 0 
404ea99000-404eb97000 rw-p 00000000 00:00 0 
40500e6000-4050107000 rw-p 00000000 00:00 0 
4050107000-40540e6000 ---p 00000000 00:00 0 
4056b97000-4056b9a000 ---p 00000000 00:00 0 
4056b9a000-4056c98000 rw-p 00000000 00:00 0 
40580e6000-4058107000 rw-p 00000000 00:00 0 
4058107000-405c0e6000 ---p 00000000 00:00 0 
405ec9b000-405ec9e000 ---p 00000000 00:00 0 
405ec9e000-405ed9c000 rw-p 00000000 00:00 0 
40600e6000-4060107000 rw-p 00000000 00:00 0 
4060107000-40640e6000 ---p 00000000 00:00 0 
4066d9c000-4066d9f000 ---p 00000000 00:00 0 
4066d9f000-4066e9d000 rw-p 00000000 00:00 0 
40680e6000-4068114000 rw-p 00000000 00:00 0 
4068114000-406c0e6000 ---p 00000000 00:00 0 
406ee9d000-406eea0000 ---p 00000000 00:00 0 
406eea0000-406ef9e000 rw-p 00000000 00:00 0 
40700e6000-4070107000 rw-p 00000000 00:00 0 
4070107000-40740e6000 ---p 00000000 00:00 0 
4076f9e000-4076fa1000 ---p 00000000 00:00 0 
4076fa1000-407709f000 rw-p 00000000 00:00 0 
40780e6000-407810c000 rw-p 00000000 00:00 0 
407810c000-407c0e6000 ---p 00000000 00:00 0 
407f09f000-407f0a2000 ---p 00000000 00:00 0 
407f0a2000-407f1a0000 rw-p 00000000 00:00 0 
40800e6000-4080107000 rw-p 00000000 00:00 0 
4080107000-40840e6000 ---p 00000000 00:00 0 
40871a0000-40871a1000 ---p 00000000 00:00 0 
40871a1000-40872a1000 rw-p 00000000 00:00 0 
40880e6000-4088107000 rw-p 00000000 00:00 0 
4088107000-408c0e6000 ---p 00000000 00:00 0 
408f2a1000-408f2a4000 r--s 00037000 fe:01 2145560                        /usr/lib/jvm/java-8-openjdk-amd64/jre/lib/ext/sunpkcs11.jar
408f2a5000-408f2a7000 r--s 00001000 fe:01 2145558                        /usr/lib/jvm/java-8-openjdk-amd64/jre/lib/ext/dnsns.jar
408f2a7000-408f2ad000 r--s 0003a000 fe:01 2145557                        /usr/lib/jvm/java-8-openjdk-amd64/jre/lib/ext/sunjce_provider.jar
408f2ad000-408f2b8000 r--s 00116000 fe:01 2145555                        /usr/lib/jvm/java-8-openjdk-amd64/jre/lib/ext/localedata.jar
408f2b8000-408f2ba000 r--s 00006000 fe:01 2020168                        /usr/share/java/java-atk-wrapper.jar
408f2ba000-408f2d4000 r--s 001d3000 fe:01 2145553                        /usr/lib/jvm/java-8-openjdk-amd64/jre/lib/ext/nashorn.jar
408f2d4000-408f2f0000 r--s 00393000 fe:01 2145552                        /usr/lib/jvm/java-8-openjdk-amd64/jre/lib/ext/cldrdata.jar
408f2f0000-408f2f1000 r--s 00010000 fe:01 2145556                        /usr/lib/jvm/java-8-openjdk-amd64/jre/lib/ext/zipfs.jar
408f2f1000-408f2f4000 r--s 0000f000 fe:01 2145559                        /usr/lib/jvm/java-8-openjdk-amd64/jre/lib/ext/icedtea-sound.jar
408f2f4000-408f2f5000 r--s 00008000 fe:01 2145554                        /usr/lib/jvm/java-8-openjdk-amd64/jre/lib/ext/sunec.jar
408f2f5000-408f56c000 rw-p 00000000 00:00 0 
ffff8f4a8000-ffff8f893000 rw-p 00000000 00:00 0 
ffff8f894000-ffff8f89c000 rw-p 00000000 00:00 0 
ffff8f89d000-ffff8f8a5000 rw-p 00000000 00:00 0 
ffff8f8a6000-ffff8f8ae000 rw-p 00000000 00:00 0 
ffff8f8af000-ffff8f8b7000 rw-p 00000000 00:00 0 
ffff8f8b9000-ffff8f8c1000 rw-p 00000000 00:00 0 
ffff8f8c2000-ffff8f8ca000 rw-p 00000000 00:00 0 
ffff8f8cb000-ffff8f8d3000 rw-p 00000000 00:00 0 
ffff8f8d4000-ffff8f8dc000 rw-p 00000000 00:00 0 
ffff8f8dd000-ffff8f8e5000 rw-p 00000000 00:00 0 
ffff8f8e6000-ffff8f96e000 rw-p 00000000 00:00 0 
ffff8f96e000-ffff8f970000 ---p 00000000 00:00 0 
ffff8f970000-ffff8faec000 rw-p 00000000 00:00 0 
ffff8faec000-ffff8faee000 ---p 00000000 00:00 0 
ffff8faee000-ffff8fbf3000 rw-p 00000000 00:00 0 
ffff8fbf3000-ffff8fbf5000 ---p 00000000 00:00 0 
ffff8fbf5000-ffff8fd3d000 rw-p 00000000 00:00 0 
ffff8fd3d000-ffff8fd3f000 ---p 00000000 00:00 0 
ffff8fd3f000-ffff8fea8000 rw-p 00000000 00:00 0 
ffff8fea8000-ffff8feaa000 ---p 00000000 00:00 0 
ffff8feaa000-ffff8ff73000 rw-p 00000000 00:00 0 
ffff8ff73000-ffff8ff75000 ---p 00000000 00:00 0 
ffff8ff75000-ffff90183000 rw-p 00000000 00:00 0 
ffff90183000-ffff90185000 ---p 00000000 00:00 0 
ffff90185000-ffff9024e000 rw-p 00000000 00:00 0 
ffff9024f000-ffff90257000 rw-p 00000000 00:00 0 
ffff90258000-ffff90268000 rw-p 00000000 00:00 0 
ffff90269000-ffff90271000 rw-p 00000000 00:00 0 
ffff90272000-ffff9029b000 rw-p 00000000 00:00 0 
ffff9029c000-ffff9039c000 rw-p 00000000 00:00 0 
ffff9039c000-ffff9039e000 ---p 00000000 00:00 0 
ffff9039e000-ffff903ef000 rw-p 00000000 00:00 0 
ffff903f0000-ffff90408000 rw-p 00000000 00:00 0 
ffff90409000-ffff90419000 rw-p 00000000 00:00 0 
ffff9041a000-ffff9042a000 rw-p 00000000 00:00 0 
ffff9042b000-ffff90443000 rw-p 00000000 00:00 0 
ffff90444000-ffff9045c000 rw-p 00000000 00:00 0 
ffff9045d000-ffff90585000 rw-p 00000000 00:00 0 
ffff90586000-ffff9058e000 rw-p 00000000 00:00 0 
ffff9058f000-ffff90597000 rw-p 00000000 00:00 0 
ffff90599000-ffff905a1000 rw-p 00000000 00:00 0 
ffff905a2000-ffff905ab000 rw-p 00000000 00:00 0 
ffff905ac000-ffff905b4000 rw-p 00000000 00:00 0 
ffff905b5000-ffff91161000 rw-p 00000000 00:00 0 
ffff91161000-ffff91163000 ---p 00000000 00:00 0 
ffff91163000-ffff911ba000 rw-p 00000000 00:00 0 
ffff911ba000-ffff911bc000 ---p 00000000 00:00 0 
ffff911bc000-ffff91204000 rw-p 00000000 00:00 0 
ffff91204000-ffff91206000 ---p 00000000 00:00 0 
ffff91206000-ffff912dd000 rw-p 00000000 00:00 0 
ffff912dd000-ffff912df000 ---p 00000000 00:00 0 
ffff912df000-ffff91333000 rw-p 00000000 00:00 0 
ffff91333000-ffff91335000 ---p 00000000 00:00 0 
ffff91335000-ffff919e7000 rw-p 00000000 00:00 0 
ffff919e7000-ffff919e9000 ---p 00000000 00:00 0 
ffff919e9000-ffff91b80000 rw-p 00000000 00:00 0 
ffff91b80000-ffff99b7f000 rwxp 00000000 00:00 0 
ffff99b7f000-ffff99b80000 ---p 00000000 00:00 0 
ffff99b80000-ffff99b8a000 rw-p 00000000 00:00 0 
ffff99b8a000-ffff99ba9000 rw-p 00000000 00:00 0 
ffff99ba9000-ffff99bab000 ---p 00000000 00:00 0 
ffff99bab000-ffff99cad000 rw-p 00000000 00:00 0 
ffff99cad000-ffff99caf000 ---p 00000000 00:00 0 
ffff99caf000-ffff99cd1000 rw-p 00000000 00:00 0 
ffff99cd1000-ffff99cd3000 r--p 00000000 00:00 0                          [vvar]
ffff99cd3000-ffff99cd4000 r-xp 00000000 00:00 0                          [vdso]
fffff5602000-fffff5623000 rw-p 00000000 00:00 0                          [stack]

VM Arguments:
java_command: XMLConstructor
java_class_path (initial): :/root/mulval/bin/adapter
Launcher Type: SUN_STANDARD

Environment Variables:
JAVA_HOME=/usr/lib/jvm/java-8-openjdk-amd64
PATH=/usr/local/sbin:/usr/local/bin:/usr/sbin:/usr/bin:/sbin:/bin:/root/XSB/bin:/root/mulval/bin:/root/mulval/utils

Signal Handlers:
SIGSEGV: [libjvm.so+0xa90d80], sa_mask[0]=11111111111111111111111111111110, sa_flags=SA_RESTART|SA_SIGINFO
SIGBUS: [libjvm.so+0xa90d80], sa_mask[0]=11111111111111111111111111111110, sa_flags=SA_RESTART|SA_SIGINFO
SIGFPE: [libjvm.so+0x8dbc70], sa_mask[0]=11111111111111111111111111111110, sa_flags=SA_RESTART|SA_SIGINFO
SIGPIPE: [libjvm.so+0x8dbc70], sa_mask[0]=11111111111111111111111111111110, sa_flags=SA_RESTART|SA_SIGINFO
SIGXFSZ: [libjvm.so+0x8dbc70], sa_mask[0]=11111111111111111111111111111110, sa_flags=SA_RESTART|SA_SIGINFO
SIGILL: [libjvm.so+0x8dbc70], sa_mask[0]=11111111111111111111111111111110, sa_flags=SA_RESTART|SA_SIGINFO
SIGUSR1: SIG_DFL, sa_mask[0]=00000000000000000000000000000000, sa_flags=none
SIGUSR2: [libjvm.so+0x8dbb20], sa_mask[0]=00000000000000000000000000000000, sa_flags=SA_RESTART|SA_SIGINFO
SIGHUP: [libjvm.so+0x8dbd40], sa_mask[0]=11111111111111111111111111111110, sa_flags=SA_RESTART|SA_SIGINFO
SIGINT: [libjvm.so+0x8dbd40], sa_mask[0]=11111111111111111111111111111110, sa_flags=SA_RESTART|SA_SIGINFO
SIGTERM: [libjvm.so+0x8dbd40], sa_mask[0]=11111111111111111111111111111110, sa_flags=SA_RESTART|SA_SIGINFO
SIGQUIT: [libjvm.so+0x8dbd40], sa_mask[0]=11111111111111111111111111111110, sa_flags=SA_RESTART|SA_SIGINFO


---------------  S Y S T E M  ---------------

OS:DISTRIB_ID=Ubuntu
DISTRIB_RELEASE=15.04
DISTRIB_CODENAME=vivid
DISTRIB_DESCRIPTION="Ubuntu 15.04"

uname:Linux 5.10.76-linuxkit #1 SMP PREEMPT Mon Nov 8 11:22:26 UTC 2021 x86_64
libc:glibc 2.21 NPTL 2.21 
rlimit: STACK 8192k, CORE 0k, NPROC infinity, NOFILE 1048576, AS infinity
load average:1.93 2.00 1.93

/proc/meminfo:
MemTotal:        2036288 kB
MemFree:          963564 kB
MemAvailable:    1274940 kB
Buffers:           60456 kB
Cached:           636316 kB
SwapCached:            0 kB
Active:           240092 kB
Inactive:         723392 kB
Active(anon):      71188 kB
Inactive(anon):   536252 kB
Active(file):     168904 kB
Inactive(file):   187140 kB
Unevictable:           0 kB
Mlocked:               0 kB
SwapTotal:       1048572 kB
SwapFree:        1048572 kB
Dirty:                12 kB
Writeback:             0 kB
AnonPages:        265556 kB
Mapped:           213760 kB
Shmem:            340728 kB
KReclaimable:      34564 kB
Slab:              63956 kB
SReclaimable:      34564 kB
SUnreclaim:        29392 kB
KernelStack:        8128 kB
PageTables:         4588 kB
NFS_Unstable:          0 kB
Bounce:                0 kB
WritebackTmp:          0 kB
CommitLimit:     2066716 kB
Committed_AS:    3466996 kB
VmallocTotal:   135290159040 kB
VmallocUsed:       10512 kB
VmallocChunk:          0 kB
Percpu:             2300 kB
AnonHugePages:     36864 kB
ShmemHugePages:        0 kB
ShmemPmdMapped:        0 kB
FileHugePages:         0 kB
FilePmdMapped:         0 kB
HugePages_Total:       0
HugePages_Free:        0
HugePages_Rsvd:        0
HugePages_Surp:        0
Hugepagesize:       2048 kB
Hugetlb:               0 kB


CPU:total 5 (1 cores per cpu, 1 threads per core) family 15 model 107 stepping 1, cmov, cx8, fxsr, mmx, sse, sse2, sse3, ssse3, sse4.1, sse4.2, popcnt, aes, clmul, erms, mmxext, 3dnowpref, lzcnt, tsc, bmi1

/proc/cpuinfo:
processor	: 0
BogoMIPS	: 48.00
Features	: fp asimd evtstrm aes pmull sha1 sha2 crc32 atomics fphp asimdhp cpuid asimdrdm jscvt fcma lrcpc dcpop sha3 asimddp sha512 asimdfhm dit uscat ilrcpc flagm sb paca pacg dcpodp flagm2 frint
CPU implementer	: 0x00
CPU architecture: 8
CPU variant	: 0x0
CPU part	: 0x000
CPU revision	: 0

processor	: 1
BogoMIPS	: 48.00
Features	: fp asimd evtstrm aes pmull sha1 sha2 crc32 atomics fphp asimdhp cpuid asimdrdm jscvt fcma lrcpc dcpop sha3 asimddp sha512 asimdfhm dit uscat ilrcpc flagm sb paca pacg dcpodp flagm2 frint
CPU implementer	: 0x00
CPU architecture: 8
CPU variant	: 0x0
CPU part	: 0x000
CPU revision	: 0

processor	: 2
BogoMIPS	: 48.00
Features	: fp asimd evtstrm aes pmull sha1 sha2 crc32 atomics fphp asimdhp cpuid asimdrdm jscvt fcma lrcpc dcpop sha3 asimddp sha512 asimdfhm dit uscat ilrcpc flagm sb paca pacg dcpodp flagm2 frint
CPU implementer	: 0x00
CPU architecture: 8
CPU variant	: 0x0
CPU part	: 0x000
CPU revision	: 0

processor	: 3
BogoMIPS	: 48.00
Features	: fp asimd evtstrm aes pmull sha1 sha2 crc32 atomics fphp asimdhp cpuid asimdrdm jscvt fcma lrcpc dcpop sha3 asimddp sha512 asimdfhm dit uscat ilrcpc flagm sb paca pacg dcpodp flagm2 frint
CPU implementer	: 0x00
CPU architecture: 8
CPU variant	: 0x0
CPU part	: 0x000
CPU revision	: 0

processor	: 4
BogoMIPS	: 48.00
Features	: fp asimd evtstrm aes pmull sha1 sha2 crc32 atomics fphp asimdhp cpuid asimdrdm jscvt fcma lrcpc dcpop sha3 asimddp sha512 asimdfhm dit uscat ilrcpc flagm sb paca pacg dcpodp flagm2 frint
CPU implementer	: 0x00
CPU architecture: 8
CPU variant	: 0x0
CPU part	: 0x000
CPU revision	: 0



Memory: 4k page, physical 2036288k(963596k free), swap 1048572k(1048572k free)

vm_info: OpenJDK 64-Bit Server VM (25.45-b02) for linux-amd64 JRE (1.8.0_45-internal-b14), built on Apr 20 2015 00:35:04 by "buildd" with gcc 4.9.2

time: Sat Jun 25 16:47:55 2022
elapsed time: 2595 seconds (0d 0h 43m 15s)

